{"total": {"lines":{"total":154,"covered":128,"skipped":0,"pct":83.11},"statements":{"total":172,"covered":141,"skipped":0,"pct":81.97},"functions":{"total":48,"covered":40,"skipped":0,"pct":83.33},"branches":{"total":47,"covered":29,"skipped":0,"pct":61.7},"branchesTrue":{"total":0,"covered":0,"skipped":0,"pct":100}}
,"/Users/autovation/Desktop/Ghost/src/models/DetectionResult.ts": {"lines":{"total":0,"covered":0,"skipped":0,"pct":0},"functions":{"total":0,"covered":0,"skipped":0,"pct":0},"statements":{"total":0,"covered":0,"skipped":0,"pct":0},"branches":{"total":0,"covered":0,"skipped":0,"pct":0}}
,"/Users/autovation/Desktop/Ghost/src/models/GhostCapture.ts": {"lines":{"total":1,"covered":1,"skipped":0,"pct":100},"functions":{"total":1,"covered":1,"skipped":0,"pct":100},"statements":{"total":1,"covered":1,"skipped":0,"pct":100},"branches":{"total":0,"covered":0,"skipped":0,"pct":100}}
,"/Users/autovation/Desktop/Ghost/src/models/GhostMarker.ts": {"lines":{"total":0,"covered":0,"skipped":0,"pct":0},"functions":{"total":0,"covered":0,"skipped":0,"pct":0},"statements":{"total":0,"covered":0,"skipped":0,"pct":0},"branches":{"total":0,"covered":0,"skipped":0,"pct":0}}
,"/Users/autovation/Desktop/Ghost/src/models/NormalizedBox.ts": {"lines":{"total":0,"covered":0,"skipped":0,"pct":0},"functions":{"total":0,"covered":0,"skipped":0,"pct":0},"statements":{"total":0,"covered":0,"skipped":0,"pct":0},"branches":{"total":0,"covered":0,"skipped":0,"pct":0}}
,"/Users/autovation/Desktop/Ghost/src/models/PositionFix.ts": {"lines":{"total":0,"covered":0,"skipped":0,"pct":0},"functions":{"total":0,"covered":0,"skipped":0,"pct":0},"statements":{"total":0,"covered":0,"skipped":0,"pct":0},"branches":{"total":0,"covered":0,"skipped":0,"pct":0}}
,"/Users/autovation/Desktop/Ghost/src/services/EmfSimulator.ts": {"lines":{"total":64,"covered":43,"skipped":0,"pct":67.18},"functions":{"total":17,"covered":12,"skipped":0,"pct":70.58},"statements":{"total":71,"covered":48,"skipped":0,"pct":67.6},"branches":{"total":22,"covered":11,"skipped":0,"pct":50}}
,"/Users/autovation/Desktop/Ghost/src/services/GhostSpawner.ts": {"lines":{"total":22,"covered":22,"skipped":0,"pct":100},"functions":{"total":3,"covered":3,"skipped":0,"pct":100},"statements":{"total":23,"covered":23,"skipped":0,"pct":100},"branches":{"total":11,"covered":11,"skipped":0,"pct":100}}
,"/Users/autovation/Desktop/Ghost/src/services/GhostWorld.ts": {"lines":{"total":29,"covered":26,"skipped":0,"pct":89.65},"functions":{"total":12,"covered":11,"skipped":0,"pct":91.66},"statements":{"total":34,"covered":29,"skipped":0,"pct":85.29},"branches":{"total":8,"covered":4,"skipped":0,"pct":50}}
,"/Users/autovation/Desktop/Ghost/src/services/location/LocationProvider.ts": {"lines":{"total":0,"covered":0,"skipped":0,"pct":0},"functions":{"total":0,"covered":0,"skipped":0,"pct":0},"statements":{"total":0,"covered":0,"skipped":0,"pct":0},"branches":{"total":0,"covered":0,"skipped":0,"pct":0}}
,"/Users/autovation/Desktop/Ghost/src/services/location/MockLocationProvider.ts": {"lines":{"total":19,"covered":17,"skipped":0,"pct":89.47},"functions":{"total":10,"covered":8,"skipped":0,"pct":80},"statements":{"total":22,"covered":19,"skipped":0,"pct":86.36},"branches":{"total":6,"covered":3,"skipped":0,"pct":50}}
,"/Users/autovation/Desktop/Ghost/src/utils/haversine.ts": {"lines":{"total":19,"covered":19,"skipped":0,"pct":100},"functions":{"total":5,"covered":5,"skipped":0,"pct":100},"statements":{"total":21,"covered":21,"skipped":0,"pct":100},"branches":{"total":0,"covered":0,"skipped":0,"pct":100}}
}
