TN:
SF:src/models/DetectionResult.ts
FNF:0
FNH:0
LF:0
LH:0
BRF:0
BRH:0
end_of_record
TN:
SF:src/models/GhostCapture.ts
FN:29,makeCaptureId
FNF:1
FNH:1
FNDA:1001,makeCaptureId
DA:30,1001
LF:1
LH:1
BRF:0
BRH:0
end_of_record
TN:
SF:src/models/GhostMarker.ts
FNF:0
FNH:0
LF:0
LH:0
BRF:0
BRH:0
end_of_record
TN:
SF:src/models/NormalizedBox.ts
FNF:0
FNH:0
LF:0
LH:0
BRF:0
BRH:0
end_of_record
TN:
SF:src/models/PositionFix.ts
FNF:0
FNH:0
LF:0
LH:0
BRF:0
BRH:0
end_of_record
TN:
SF:src/services/EmfSimulator.ts
FN:49,(anonymous_0)
FN:53,(anonymous_1)
FN:57,(anonymous_2)
FN:59,(anonymous_3)
FN:63,(anonymous_4)
FN:65,(anonymous_5)
FN:69,(anonymous_6)
FN:77,(anonymous_7)
FN:81,(anonymous_8)
FN:85,(anonymous_9)
FN:91,(anonymous_10)
FN:97,(anonymous_11)
FN:98,(anonymous_12)
FN:106,(anonymous_13)
FN:116,(anonymous_14)
FN:131,(anonymous_15)
FN:154,(anonymous_16)
FNF:17
FNH:12
FNDA:1,(anonymous_0)
FNDA:0,(anonymous_1)
FNDA:1,(anonymous_2)
FNDA:1,(anonymous_3)
FNDA:4,(anonymous_4)
FNDA:21,(anonymous_5)
FNDA:5,(anonymous_6)
FNDA:1,(anonymous_7)
FNDA:0,(anonymous_8)
FNDA:3,(anonymous_9)
FNDA:3,(anonymous_10)
FNDA:0,(anonymous_11)
FNDA:0,(anonymous_12)
FNDA:5,(anonymous_13)
FNDA:0,(anonymous_14)
FNDA:21,(anonymous_15)
FNDA:20,(anonymous_16)
DA:32,1
DA:34,1
DA:36,1
DA:38,3
DA:39,3
DA:40,3
DA:41,3
DA:42,3
DA:44,3
DA:45,3
DA:46,3
DA:47,3
DA:50,1
DA:54,0
DA:58,1
DA:59,1
DA:64,4
DA:65,21
DA:66,3
DA:70,5
DA:71,3
DA:72,3
DA:74,5
DA:78,1
DA:82,0
DA:86,3
DA:87,3
DA:92,3
DA:94,3
DA:95,0
DA:96,0
DA:97,0
DA:98,0
DA:99,0
DA:100,0
DA:107,5
DA:108,5
DA:112,5
DA:113,5
DA:117,0
DA:118,0
DA:119,0
DA:120,0
DA:121,0
DA:122,0
DA:123,0
DA:125,0
DA:126,0
DA:133,21
DA:134,1
DA:135,1
DA:137,20
DA:138,20
DA:139,20
DA:141,20
DA:142,0
DA:143,0
DA:144,0
DA:147,20
DA:148,20
DA:149,0
DA:152,21
DA:153,21
DA:154,21
LF:64
LH:43
BRDA:63,0,0,4
BRDA:64,1,0,1
BRDA:64,1,1,3
BRDA:70,2,0,3
BRDA:70,2,1,2
BRDA:77,3,0,1
BRDA:94,4,0,3
BRDA:94,4,1,0
BRDA:117,5,0,0
BRDA:117,5,1,0
BRDA:118,6,0,0
BRDA:118,6,1,0
BRDA:119,7,0,0
BRDA:119,7,1,0
BRDA:121,8,0,0
BRDA:121,8,1,0
BRDA:133,9,0,1
BRDA:133,9,1,20
BRDA:141,10,0,0
BRDA:141,10,1,20
BRDA:148,11,0,0
BRDA:148,11,1,20
BRF:22
BRH:11
end_of_record
TN:
SF:src/services/GhostSpawner.ts
FN:12,mulberry32
FN:14,(anonymous_1)
FN:38,spawnAround
FNF:3
FNH:3
FNDA:5,mulberry32
FNDA:99,(anonymous_1)
FNDA:11,spawnAround
DA:13,5
DA:14,5
DA:15,99
DA:16,99
DA:17,99
DA:18,99
DA:19,99
DA:42,11
DA:43,11
DA:44,11
DA:45,11
DA:47,11
DA:49,11
DA:50,11
DA:51,51
DA:52,51
DA:53,51
DA:54,51
DA:55,51
DA:56,51
DA:57,51
DA:63,11
LF:22
LH:22
BRDA:40,0,0,11
BRDA:42,1,0,11
BRDA:42,1,1,6
BRDA:43,2,0,11
BRDA:43,2,1,10
BRDA:44,3,0,11
BRDA:44,3,1,10
BRDA:45,4,0,11
BRDA:45,4,1,4
BRDA:47,5,0,5
BRDA:47,5,1,6
BRF:11
BRH:11
end_of_record
TN:
SF:src/services/GhostWorld.ts
FN:25,(anonymous_0)
FN:29,(anonymous_1)
FN:33,(anonymous_2)
FN:35,(anonymous_3)
FN:38,(anonymous_4)
FN:39,(anonymous_5)
FN:43,(anonymous_6)
FN:54,(anonymous_7)
FN:60,(anonymous_8)
FN:62,(anonymous_9)
FN:69,(anonymous_10)
FN:78,(anonymous_11)
FNF:12
FNH:11
FNDA:8,(anonymous_0)
FNDA:1,(anonymous_1)
FNDA:1,(anonymous_2)
FNDA:1,(anonymous_3)
FNDA:10,(anonymous_4)
FNDA:1,(anonymous_5)
FNDA:6,(anonymous_6)
FNDA:6,(anonymous_7)
FNDA:4,(anonymous_8)
FNDA:9,(anonymous_9)
FNDA:1,(anonymous_10)
FNDA:0,(anonymous_11)
DA:19,4
DA:20,4
DA:21,4
DA:22,4
DA:23,4
DA:26,8
DA:30,1
DA:34,1
DA:35,1
DA:39,10
DA:44,6
DA:45,6
DA:46,6
DA:47,6
DA:55,6
DA:56,6
DA:61,4
DA:62,9
DA:63,4
DA:65,4
DA:67,4
DA:68,1
DA:69,1
DA:70,1
DA:71,1
DA:75,4
DA:79,0
DA:80,0
DA:81,0
LF:29
LH:26
BRDA:63,0,0,0
BRDA:63,0,1,4
BRDA:67,1,0,1
BRDA:67,1,1,3
BRDA:68,2,0,1
BRDA:68,2,1,0
BRDA:79,3,0,0
BRDA:79,3,1,0
BRF:8
BRH:4
end_of_record
TN:
SF:src/services/location/LocationProvider.ts
FNF:0
FNH:0
LF:0
LH:0
BRF:0
BRH:0
end_of_record
TN:
SF:src/services/location/MockLocationProvider.ts
FN:19,(anonymous_0)
FN:23,(anonymous_1)
FN:27,(anonymous_2)
FN:30,(anonymous_3)
FN:31,(anonymous_4)
FN:37,(anonymous_5)
FN:51,(anonymous_6)
FN:56,(anonymous_7)
FN:60,(anonymous_8)
FN:62,(anonymous_9)
FNF:10
FNH:8
FNDA:3,(anonymous_0)
FNDA:1,(anonymous_1)
FNDA:2,(anonymous_2)
FNDA:2,(anonymous_3)
FNDA:0,(anonymous_4)
FNDA:1,(anonymous_5)
FNDA:1,(anonymous_6)
FNDA:0,(anonymous_7)
FNDA:2,(anonymous_8)
FNDA:2,(anonymous_9)
DA:17,3
DA:20,3
DA:24,1
DA:28,2
DA:30,2
DA:31,2
DA:32,0
DA:38,1
DA:40,1
DA:41,1
DA:42,1
DA:44,1
DA:46,1
DA:47,1
DA:52,1
DA:53,1
DA:57,0
DA:61,2
DA:62,2
LF:19
LH:17
BRDA:41,0,0,1
BRDA:41,0,1,0
BRDA:41,1,0,1
BRDA:41,1,1,0
BRDA:44,2,0,0
BRDA:44,2,1,1
BRF:6
BRH:3
end_of_record
TN:
SF:src/utils/haversine.ts
FN:14,(anonymous_0)
FN:15,(anonymous_1)
FN:23,distanceMeters
FN:36,bearingDegrees
FN:51,offsetMeters
FNF:5
FNH:5
FNDA:155,(anonymous_0)
FNDA:108,(anonymous_1)
FNDA:24,distanceMeters
FNDA:2,bearingDegrees
FNDA:53,offsetMeters
DA:12,4
DA:14,155
DA:15,108
DA:24,24
DA:25,24
DA:26,24
DA:27,24
DA:29,24
DA:31,24
DA:32,24
DA:37,2
DA:38,2
DA:39,2
DA:40,2
DA:42,2
DA:44,2
DA:56,53
DA:57,53
DA:58,53
LF:19
LH:19
BRF:0
BRH:0
end_of_record
